
-------------------------------------------------------------------------
[22:45:45] Initializing Visual Novel Core..
[22:45:45] Initializing Events..
[22:45:45] Initializing Render..
[22:45:45] Initializing JsonLoader..

-------------------------------------------------------------------------
[22:45:54] Initializing Visual Novel Core..
[22:45:54] Initializing Events..
[22:45:54] Initializing Render..
[22:45:54] Initializing JsonLoader..
[22:45:54] Initializing MenuSystem..

-------------------------------------------------------------------------
[23:00:27] Initializing Visual Novel Core..
[23:00:27] Initializing Events..
[23:00:27] Initializing Render..

-------------------------------------------------------------------------
[23:00:40] Initializing Visual Novel Core..
[23:00:40] Initializing Events..
[23:00:40] Initializing Render..
[23:00:40] Initializing JsonLoader..
[23:00:40] Initializing MenuSystem..

-------------------------------------------------------------------------
[23:01:18] Initializing Visual Novel Core..
[23:01:18] Initializing Events..
[23:01:18] Initializing Render..
[23:01:18] Loading font: arial.ttf (size: 20)
[23:01:18] Initializing JsonLoader..
[23:01:18] Initializing MenuSystem..

-------------------------------------------------------------------------
[23:01:45] Initializing Visual Novel Core..
[23:01:45] Initializing Events..
[23:01:45] Initializing Render..
[23:01:45] Loading font from assets: arial.ttf (size: 20)
[23:01:45] Initializing JsonLoader..
[23:01:45] Initializing MenuSystem..

-------------------------------------------------------------------------
[23:02:11] Initializing Visual Novel Core..
[23:02:11] Initializing Events..
[23:02:11] Initializing Render..
[23:02:11] Loading font from assets: arial.ttf (size: 20)
[23:02:11] <pygame.font.Font object at 0x000001F190D41140>
[23:02:11] Initializing JsonLoader..
[23:02:11] Initializing MenuSystem..

-------------------------------------------------------------------------
[23:02:56] Initializing Visual Novel Core..
[23:02:56] Initializing Events..
[23:02:56] Initializing Render..
[23:02:56] Loading font from assets: arial.ttf (size: 20)
[23:02:56] <pygame.font.Font object at 0x000001C9BB993720>
[23:02:56] 20
[23:02:56] Initializing JsonLoader..
[23:02:56] Initializing MenuSystem..

-------------------------------------------------------------------------
[23:03:22] Initializing Visual Novel Core..
[23:03:22] Initializing Events..
[23:03:22] Initializing Render..
[23:03:22] Loading font from assets: arial.ttf (size: 20)
[23:03:22] <pygame.font.Font object at 0x0000021B3F883720>
[23:03:22] 20
[23:03:22] Initializing JsonLoader..
[23:03:22] Initializing MenuSystem..

-------------------------------------------------------------------------
[23:03:56] Initializing Visual Novel Core..
[23:03:56] Initializing Events..
[23:03:56] Initializing Render..
[23:03:56] Loading font from assets: arial.ttf (size: 20)
[23:03:56] <pygame.font.Font object at 0x00000186E98D3720>
[23:03:56] 20
[23:03:56] Initializing JsonLoader..
[23:03:56] Initializing MenuSystem..

-------------------------------------------------------------------------
[23:04:16] Initializing Visual Novel Core..
[23:04:16] Initializing Events..
[23:04:16] Initializing Render..
[23:04:16] Loading font from assets: arial.ttf (size: 20)
[23:04:16] <pygame.font.Font object at 0x0000018336393720>
[23:04:16] arial.ttf
[23:04:16] Initializing JsonLoader..
[23:04:16] Initializing MenuSystem..

-------------------------------------------------------------------------
[23:11:27] Initializing Visual Novel Core..
[23:11:27] Initializing Events..
[23:11:27] Initializing Render..
[23:11:27] Initializing Sprites..
[23:11:27] Loading font from assets: arial.ttf (size: 20)
[23:11:27] Initializing JsonLoader..
[23:11:27] Initializing MenuSystem..

-------------------------------------------------------------------------
[23:11:29] Initializing Visual Novel Core..
[23:11:29] Initializing Events..
[23:11:29] Initializing Render..
[23:11:29] Initializing Sprites..
[23:11:29] Loading font from assets: arial.ttf (size: 20)
[23:11:29] Initializing JsonLoader..
[23:11:29] Initializing MenuSystem..

-------------------------------------------------------------------------
[23:11:30] Initializing Visual Novel Core..
[23:11:30] Initializing Events..
[23:11:30] Initializing Render..
[23:11:30] Initializing Sprites..
[23:11:30] Loading font from assets: arial.ttf (size: 20)
[23:11:30] Initializing JsonLoader..
[23:11:30] Initializing MenuSystem..

-------------------------------------------------------------------------
[23:13:01] Initializing Visual Novel Core..
[23:13:01] Initializing Events..
[23:13:01] Initializing Render..
[23:13:01] Initializing Sprites..
[23:13:01] Loading font from assets: arial.ttf (size: 20)
[23:13:01] Initializing JsonLoader..
[23:13:01] Initializing MenuSystem..

-------------------------------------------------------------------------
[23:13:07] Initializing Visual Novel Core..
[23:13:07] Initializing Events..
[23:13:07] Initializing Render..
[23:13:07] Initializing JsonLoader..
[23:13:07] Initializing MenuSystem..

-------------------------------------------------------------------------
[23:13:48] Initializing Visual Novel Core..
[23:13:48] Initializing Events..
[23:13:48] Initializing Render..
[23:13:48] Initializing JsonLoader..
[23:13:48] Initializing MenuSystem..
[23:13:48] Initializing Sprites..
[23:13:48] Loading font from assets: arial.ttf (size: 20)

-------------------------------------------------------------------------
[23:14:19] Initializing Visual Novel Core..
[23:14:19] Initializing Events..
[23:14:19] Initializing Render..
[23:14:19] Initializing JsonLoader..
[23:14:19] Initializing MenuSystem..
[23:14:19] Initializing Sprites..
[23:14:19] Loading font from assets: arial.ttf (size: 20)

-------------------------------------------------------------------------
[23:14:30] Initializing Visual Novel Core..
[23:14:30] Initializing Events..
[23:14:30] Initializing Render..
[23:14:30] Initializing JsonLoader..
[23:14:30] Initializing MenuSystem..
[23:14:30] Initializing Sprites..
[23:14:30] Loading font from assets: arial.ttf (size: 20)

-------------------------------------------------------------------------

-------------------------------------------------------------------------
[23:16:08] Initializing Visual Novel Core..
[23:16:08] Initializing Events..
[23:16:08] Initializing Render..
[23:16:08] Initializing JsonLoader..
[23:16:08] Initializing MenuSystem..
[23:16:08] Initializing Sprites..
[23:16:08] Loading font from assets: arial.ttf (size: 20)

-------------------------------------------------------------------------
[23:16:44] Initializing Visual Novel Core..
[23:16:44] Initializing Events..
[23:16:44] Initializing Render..
[23:16:44] Initializing JsonLoader..
[23:16:44] Initializing MenuSystem..
[23:16:44] Initializing Visual Novel Core..
[23:16:44] Initializing Events..
[23:16:44] Initializing Render..
[23:16:44] Initializing JsonLoader..
[23:16:44] Initializing MenuSystem..
[23:16:44] Initializing Sprites..
[23:16:44] Loading font from assets: arial.ttf (size: 20)

-------------------------------------------------------------------------
[23:19:02] Initializing Visual Novel Core..
[23:19:02] Initializing Events..
[23:19:02] Initializing Render..
[23:19:02] Initializing JsonLoader..
[23:19:02] Initializing MenuSystem..
[23:19:02] Initializing Visual Novel Core..
[23:19:02] Initializing Events..
[23:19:02] Initializing Render..
[23:19:02] Initializing JsonLoader..
[23:19:02] Initializing MenuSystem..
[23:19:02] Initializing Sprites..
[23:19:02] Loading default font..

-------------------------------------------------------------------------
[23:19:22] Initializing Visual Novel Core..
[23:19:22] Initializing Events..
[23:19:22] Initializing Render..
[23:19:22] Initializing JsonLoader..
[23:19:22] Initializing MenuSystem..
[23:19:22] Initializing Visual Novel Core..
[23:19:22] Initializing Events..
[23:19:22] Initializing Render..
[23:19:22] Initializing JsonLoader..
[23:19:22] Initializing MenuSystem..
[23:19:22] Initializing Sprites..
[23:19:22] Loading default font..

-------------------------------------------------------------------------
[23:26:15] Initializing Visual Novel Core..
[23:26:15] Initializing Events..
[23:26:15] Initializing Render..
[23:26:15] Initializing JsonLoader..
[23:26:15] Initializing MenuSystem..
[23:26:15] Initializing Visual Novel Core..
[23:26:15] Initializing Events..
[23:26:15] Initializing Render..
[23:26:15] Initializing JsonLoader..
[23:26:15] Initializing MenuSystem..
[23:26:15] Initializing Sprites..
[23:26:15] Loading default font..

-------------------------------------------------------------------------
[23:26:28] Initializing Visual Novel Core..
[23:26:28] Initializing Events..
[23:26:28] Initializing Render..
[23:26:28] Initializing JsonLoader..
[23:26:28] Initializing MenuSystem..
[23:26:28] Initializing Visual Novel Core..
[23:26:28] Initializing Events..
[23:26:28] Initializing Render..
[23:26:28] Initializing JsonLoader..
[23:26:28] Initializing MenuSystem..

-------------------------------------------------------------------------
[23:26:41] Initializing Visual Novel Core..
[23:26:41] Initializing Events..
[23:26:41] Initializing Render..
[23:26:41] Initializing JsonLoader..
[23:26:41] Initializing MenuSystem..
[23:26:41] Initializing Visual Novel Core..
[23:26:41] Initializing Events..
[23:26:41] Initializing Render..
[23:26:41] Initializing JsonLoader..
[23:26:41] Initializing MenuSystem..

-------------------------------------------------------------------------
[23:27:08] Initializing Visual Novel Core..
[23:27:08] Initializing Events..
[23:27:08] Initializing Render..
[23:27:08] Initializing JsonLoader..
[23:27:08] Initializing MenuSystem..
[23:27:08] Initializing Visual Novel Core..
[23:27:08] Initializing Events..
[23:27:08] Initializing Render..
[23:27:08] Initializing JsonLoader..
[23:27:08] Initializing MenuSystem..

-------------------------------------------------------------------------
[23:27:23] Initializing Visual Novel Core..
[23:27:23] Initializing Events..
[23:27:23] Initializing Render..
[23:27:23] Initializing JsonLoader..
[23:27:23] Initializing MenuSystem..
[23:27:23] Initializing Visual Novel Core..
[23:27:23] Initializing Events..
[23:27:23] Initializing Render..
[23:27:23] Initializing JsonLoader..
[23:27:23] Initializing MenuSystem..
[23:27:23] Initializing Sprites..

-------------------------------------------------------------------------
[23:27:45] Initializing Visual Novel Core..
[23:27:45] Initializing Events..
[23:27:45] Initializing Render..
[23:27:45] Initializing JsonLoader..
[23:27:45] Initializing MenuSystem..
[23:27:45] Initializing Visual Novel Core..
[23:27:45] Initializing Events..
[23:27:45] Initializing Render..
[23:27:45] Initializing JsonLoader..
[23:27:45] Initializing MenuSystem..

-------------------------------------------------------------------------
[23:27:56] Initializing Visual Novel Core..
[23:27:56] Initializing Events..
[23:27:56] Initializing Render..
[23:27:56] Initializing JsonLoader..
[23:27:56] Initializing MenuSystem..
[23:27:56] Initializing Visual Novel Core..
[23:27:56] Initializing Events..
[23:27:56] Initializing Render..
[23:27:56] Initializing JsonLoader..
[23:27:56] Initializing MenuSystem..
[23:27:56] Initializing Sprites..

-------------------------------------------------------------------------
[23:32:06] Initializing Visual Novel Core..
[23:32:06] Initializing Events..
[23:32:06] Initializing Render..
[23:32:06] Initializing JsonLoader..
[23:32:06] Initializing MenuSystem..
[23:32:06] Initializing Visual Novel Core..
[23:32:06] Initializing Events..
[23:32:06] Initializing Render..
[23:32:06] Initializing JsonLoader..
[23:32:06] Initializing MenuSystem..

-------------------------------------------------------------------------
[23:32:17] Initializing Visual Novel Core..
[23:32:17] Initializing Events..
[23:32:17] Initializing Render..
[23:32:17] Initializing JsonLoader..
[23:32:17] Initializing MenuSystem..
[23:32:17] Initializing Visual Novel Core..
[23:32:17] Initializing Events..
[23:32:17] Initializing Render..
[23:32:17] Initializing JsonLoader..
[23:32:17] Initializing MenuSystem..

-------------------------------------------------------------------------
[23:32:38] Initializing Visual Novel Core..
[23:32:38] Initializing Events..
[23:32:38] Initializing Render..
[23:32:38] Initializing JsonLoader..
[23:32:38] Initializing MenuSystem..
[23:32:38] Initializing Visual Novel Core..
[23:32:38] Initializing Events..
[23:32:38] Initializing Render..
[23:32:38] Initializing JsonLoader..
[23:32:38] Initializing MenuSystem..

-------------------------------------------------------------------------
[23:32:55] Initializing Visual Novel Core..
[23:32:55] Initializing Events..
[23:32:55] Initializing Render..
[23:32:55] Initializing JsonLoader..
[23:32:55] Initializing MenuSystem..
[23:32:55] Initializing Visual Novel Core..
[23:32:55] Initializing Events..
[23:32:55] Initializing Render..
[23:32:55] Initializing JsonLoader..
[23:32:55] Initializing MenuSystem..
[23:32:56] Initializing Sprites..

-------------------------------------------------------------------------
[23:33:33] Initializing Visual Novel Core..
[23:33:33] Initializing Events..
[23:33:33] Initializing Render..
[23:33:33] Initializing JsonLoader..
[23:33:33] Initializing MenuSystem..
[23:33:33] Initializing Visual Novel Core..
[23:33:33] Initializing Events..
[23:33:33] Initializing Render..
[23:33:33] Initializing JsonLoader..
[23:33:33] Initializing MenuSystem..
[23:33:33] Initializing Sprites..

-------------------------------------------------------------------------
[23:33:39] Initializing Visual Novel Core..
[23:33:39] Initializing Events..
[23:33:39] Initializing Render..
[23:33:39] Initializing JsonLoader..
[23:33:39] Initializing MenuSystem..
[23:33:39] Initializing Visual Novel Core..
[23:33:39] Initializing Events..
[23:33:39] Initializing Render..
[23:33:39] Initializing JsonLoader..
[23:33:39] Initializing MenuSystem..
[23:33:39] VSync enabled!
[23:33:39] Initializing Sprites..

-------------------------------------------------------------------------
[23:34:02] Initializing Visual Novel Core..
[23:34:02] Initializing Events..
[23:34:02] Initializing Render..
[23:34:02] Initializing JsonLoader..
[23:34:02] Initializing MenuSystem..
[23:34:02] Initializing Visual Novel Core..
[23:34:02] Initializing Events..
[23:34:02] Initializing Render..
[23:34:02] Initializing JsonLoader..
[23:34:02] Initializing MenuSystem..
[23:34:03] [bold red]Warning: VSync enabled![/]
[23:34:03] Initializing Sprites..

-------------------------------------------------------------------------
[23:34:12] Initializing Visual Novel Core..
[23:34:12] Initializing Events..
[23:34:12] Initializing Render..
[23:34:12] Initializing JsonLoader..
[23:34:12] Initializing MenuSystem..
[23:34:12] Initializing Visual Novel Core..
[23:34:12] Initializing Events..
[23:34:12] Initializing Render..
[23:34:12] Initializing JsonLoader..
[23:34:12] Initializing MenuSystem..
[23:34:12] [bold orange]Warning: VSync enabled![/]
[23:34:12] Initializing Sprites..

-------------------------------------------------------------------------
[23:34:17] Initializing Visual Novel Core..
[23:34:17] Initializing Events..
[23:34:17] Initializing Render..
[23:34:17] Initializing JsonLoader..
[23:34:17] Initializing MenuSystem..
[23:34:17] Initializing Visual Novel Core..
[23:34:17] Initializing Events..
[23:34:17] Initializing Render..
[23:34:17] Initializing JsonLoader..
[23:34:17] Initializing MenuSystem..
[23:34:17] [bold red]Warning: VSync enabled![/]
[23:34:17] Initializing Sprites..

-------------------------------------------------------------------------
[23:34:34] Initializing Visual Novel Core..
[23:34:34] Initializing Events..
[23:34:34] Initializing Render..
[23:34:34] Initializing JsonLoader..
[23:34:34] Initializing MenuSystem..
[23:34:34] Initializing Visual Novel Core..
[23:34:34] Initializing Events..
[23:34:34] Initializing Render..
[23:34:34] Initializing JsonLoader..
[23:34:34] Initializing MenuSystem..
[23:34:34] Initializing Sprites..

-------------------------------------------------------------------------
[23:34:39] Initializing Visual Novel Core..
[23:34:39] Initializing Events..
[23:34:39] Initializing Render..
[23:34:39] Initializing JsonLoader..
[23:34:39] Initializing MenuSystem..
[23:34:39] Initializing Visual Novel Core..
[23:34:39] Initializing Events..
[23:34:39] Initializing Render..
[23:34:39] Initializing JsonLoader..
[23:34:39] Initializing MenuSystem..
[23:34:39] Initializing Sprites..
[23:34:39] Loading default font..

-------------------------------------------------------------------------
[23:36:22] Initializing Visual Novel Core..
[23:36:22] Initializing Events..
[23:36:22] Initializing Render..
[23:36:22] Initializing JsonLoader..
[23:36:22] Initializing MenuSystem..
[23:36:22] Initializing Visual Novel Core..
[23:36:22] Initializing Events..
[23:36:22] Initializing Render..
[23:36:22] Initializing JsonLoader..
[23:36:22] Initializing MenuSystem..

-------------------------------------------------------------------------
[23:36:34] Initializing Visual Novel Core..
[23:36:34] Initializing Events..
[23:36:34] Initializing Render..
[23:36:34] Initializing JsonLoader..
[23:36:34] Initializing MenuSystem..
[23:36:34] Initializing Visual Novel Core..
[23:36:34] Initializing Events..
[23:36:34] Initializing Render..
[23:36:34] Initializing JsonLoader..
[23:36:34] Initializing MenuSystem..
[23:36:34] Initializing Sprites..
[23:36:34] Loading default font..

-------------------------------------------------------------------------
[23:43:10] Initializing Visual Novel Core..
[23:43:10] Initializing Events..
[23:43:10] Initializing Render..
[23:43:10] Initializing JsonLoader..
[23:43:10] Initializing MenuSystem..
[23:43:10] Initializing Visual Novel Core..
[23:43:10] Initializing Events..
[23:43:10] Initializing Render..
[23:43:10] Initializing JsonLoader..
[23:43:10] Initializing MenuSystem..
[23:43:10] Using default display flags
[23:43:10] Using default surface flags
[23:43:10] Initializing Sprites..
[23:43:10] Loading default font..

-------------------------------------------------------------------------
[23:43:41] Initializing Visual Novel Core..
[23:43:41] Initializing Events..
[23:43:41] Initializing Render..
[23:43:41] Initializing JsonLoader..
[23:43:41] Initializing MenuSystem..
[23:43:41] Initializing Visual Novel Core..
[23:43:41] Initializing Events..
[23:43:41] Initializing Render..
[23:43:41] Initializing JsonLoader..
[23:43:41] Initializing MenuSystem..
[23:43:41] [bold red]Warning: no display flags[/]
[23:43:41] [bold red]Warning: no surface flags[/]

-------------------------------------------------------------------------
[23:47:14] Initializing Visual Novel Core..
[23:47:14] Initializing Events..
[23:47:14] Initializing Render..

-------------------------------------------------------------------------
[23:47:24] Initializing Visual Novel Core..
[23:47:24] Initializing Events..
[23:47:24] Initializing Render..

-------------------------------------------------------------------------
[23:47:37] Initializing Visual Novel Core..
[23:47:37] Initializing Events..
[23:47:37] Initializing Render..
[23:47:37] Initializing JsonLoader..
[23:47:37] Initializing MenuSystem..
[23:47:37] Initializing Visual Novel Core..
[23:47:37] Initializing Events..
[23:47:37] Initializing Render..
[23:47:37] Initializing JsonLoader..
[23:47:37] Initializing MenuSystem..
[23:47:37] Initializing Sprites..
[23:47:37] Loading default font..

-------------------------------------------------------------------------
[23:51:18] Initializing Visual Novel Core..
[23:51:18] Initializing Events..
[23:51:18] Initializing Render..

-------------------------------------------------------------------------
[23:51:29] Initializing Visual Novel Core..
[23:51:29] Initializing Events..
[23:51:29] Initializing Render..

-------------------------------------------------------------------------
[23:51:42] Initializing Visual Novel Core..
[23:51:42] Initializing Events..
[23:51:42] Initializing Render..

-------------------------------------------------------------------------
[23:51:46] Initializing Visual Novel Core..
[23:51:46] Initializing Events..
[23:51:46] Initializing Render..
[23:51:46] Initializing JsonLoader..
[23:51:46] Initializing MenuSystem..
[23:51:46] Initializing Visual Novel Core..
[23:51:46] Initializing Events..
[23:51:46] Initializing Render..
[23:51:46] Initializing JsonLoader..
[23:51:46] Initializing MenuSystem..
[23:51:46] Initializing Sprites..
[23:51:46] Loading default font..

-------------------------------------------------------------------------
[23:52:00] Initializing Visual Novel Core..
[23:52:00] Initializing Events..
[23:52:00] Initializing Render..
[23:52:00] Initializing JsonLoader..
[23:52:00] Initializing MenuSystem..
[23:52:00] Initializing Visual Novel Core..
[23:52:00] Initializing Events..
[23:52:00] Initializing Render..
[23:52:00] Initializing JsonLoader..
[23:52:00] Initializing MenuSystem..
[23:52:00] Initializing Sprites..
[23:52:00] Loading default font..

-------------------------------------------------------------------------
[23:53:21] Initializing Visual Novel Core..
[23:53:21] Initializing Events..
[23:53:21] Initializing Render..
[23:53:21] Initializing JsonLoader..
[23:53:21] Initializing MenuSystem..
[23:53:21] Initializing Visual Novel Core..
[23:53:21] Initializing Events..
[23:53:21] Initializing Render..
[23:53:21] Initializing JsonLoader..
[23:53:21] Initializing MenuSystem..
[23:53:22] Initializing Sprites..
[23:53:22] Loading default font..

-------------------------------------------------------------------------
[23:53:40] Initializing Visual Novel Core..
[23:53:40] Initializing Events..
[23:53:40] Initializing Render..
[23:53:40] Initializing JsonLoader..
[23:53:40] Initializing MenuSystem..
[23:53:40] Initializing Visual Novel Core..
[23:53:40] Initializing Events..
[23:53:40] Initializing Render..
[23:53:40] Initializing JsonLoader..
[23:53:40] Initializing MenuSystem..
[23:53:40] [bold red]Warning: no display flags[/]
[23:53:40] [bold red]Warning: no surface flags[/]
[23:53:40] Initializing Sprites..
[23:53:40] Loading default font..

-------------------------------------------------------------------------
[23:53:41] Initializing Visual Novel Core..
[23:53:41] Initializing Events..
[23:53:41] Initializing Render..
[23:53:41] Initializing JsonLoader..
[23:53:41] Initializing MenuSystem..
[23:53:41] Initializing Visual Novel Core..
[23:53:41] Initializing Events..
[23:53:41] Initializing Render..
[23:53:41] Initializing JsonLoader..
[23:53:41] Initializing MenuSystem..
[23:53:41] [bold red]Warning: no display flags[/]
[23:53:41] [bold red]Warning: no surface flags[/]
[23:53:41] Initializing Sprites..
[23:53:41] Loading default font..

-------------------------------------------------------------------------
[23:58:32] Initializing Visual Novel Core..
[23:58:32] Initializing Events..
[23:58:32] Initializing Render..
[23:58:32] Initializing JsonLoader..
[23:58:32] Initializing MenuSystem..
[23:58:32] Initializing Visual Novel Core..
[23:58:32] Initializing Events..
[23:58:32] Initializing Render..
[23:58:32] Initializing JsonLoader..
[23:58:32] Initializing MenuSystem..
[23:58:32] [bold red]Warning: no display flags[/]
[23:58:33] Initializing Sprites..
[23:58:33] Loading default font..

-------------------------------------------------------------------------
[23:58:50] Initializing Visual Novel Core..
[23:58:50] Initializing Events..
[23:58:50] Initializing Render..
[23:58:50] Initializing JsonLoader..
[23:58:50] Initializing MenuSystem..
[23:58:50] Initializing Visual Novel Core..
[23:58:50] Initializing Events..
[23:58:50] Initializing Render..
[23:58:50] Initializing JsonLoader..
[23:58:50] Initializing MenuSystem..
[23:58:50] [bold red]Warning: no display flags[/]
[23:58:51] Initializing Sprites..
[23:58:51] Loading default font..

-------------------------------------------------------------------------
[23:59:20] Initializing Visual Novel Core..
[23:59:20] Initializing Events..
[23:59:20] Initializing Render..
[23:59:20] Initializing JsonLoader..
[23:59:20] Initializing MenuSystem..
[23:59:20] Initializing Visual Novel Core..
[23:59:20] Initializing Events..
[23:59:20] Initializing Render..
[23:59:20] Initializing JsonLoader..
[23:59:20] Initializing MenuSystem..
[23:59:20] [bold red]Warning: no display flags[/]
[23:59:20] Initializing Sprites..
[23:59:20] Loading default font..
